
/home/runner/work/exp-passive-attacks-au/exp-passive-attacks-au/experiment/simulation/js/245.128185ad.js
  1:231  warning  'e' is defined but never used  no-unused-vars
  1:233  warning  'r' is defined but never used  no-unused-vars

/home/runner/work/exp-passive-attacks-au/exp-passive-attacks-au/experiment/simulation/js/409.40940302.js
  1:5394   warning  'e' is defined but never used  no-unused-vars
  1:5601   warning  'e' is defined but never used  no-unused-vars
  1:5815   warning  'e' is defined but never used  no-unused-vars
  1:6167   warning  'a' is defined but never used  no-unused-vars
  1:6169   warning  'r' is defined but never used  no-unused-vars
  1:6171   warning  'i' is defined but never used  no-unused-vars
  1:6594   warning  't' is defined but never used  no-unused-vars
  1:6596   warning  'o' is defined but never used  no-unused-vars
  1:6598   warning  'a' is defined but never used  no-unused-vars
  1:6600   warning  's' is defined but never used  no-unused-vars
  1:6602   warning  'r' is defined but never used  no-unused-vars
  1:11367  warning  'a' is defined but never used  no-unused-vars
  1:11369  warning  'r' is defined but never used  no-unused-vars
  1:11371  warning  'i' is defined but never used  no-unused-vars
  1:14559  warning  't' is defined but never used  no-unused-vars

/home/runner/work/exp-passive-attacks-au/exp-passive-attacks-au/experiment/simulation/js/app.5e8dd3b2.js
  1:89    warning  'e' is defined but never used           no-unused-vars
  1:91    warning  'n' is defined but never used           no-unused-vars
  1:1874  warning  'u' is defined but never used           no-unused-vars
  1:4882  warning  'r' is assigned a value but never used  no-unused-vars

/home/runner/work/exp-passive-attacks-au/exp-passive-attacks-au/experiment/simulation/js/chunk-vendors.77ab3a69.js
  1:1813   warning  Empty block statement                                                            no-empty
  1:3883   warning  Do not access Object.prototype method 'hasOwnProperty' from target object        no-prototype-builtins
  1:5407   warning  Do not access Object.prototype method 'propertyIsEnumerable' from target object  no-prototype-builtins
  1:6037   warning  'b.get' is assigned to itself                                                    no-self-assign
  1:6049   warning  'b.has' is assigned to itself                                                    no-self-assign
  1:6061   warning  'b.set' is assigned to itself                                                    no-self-assign
  1:8223   warning  Empty block statement                                                            no-empty
  1:9006   warning  Empty block statement                                                            no-empty
  1:9311   warning  Empty block statement                                                            no-empty
  1:13496  warning  'e' is defined but never used                                                    no-unused-vars
  1:13915  warning  'e' is defined but never used                                                    no-unused-vars
  1:16594  warning  't' is defined but never used                                                    no-unused-vars
  1:16694  warning  'i' is defined but never used                                                    no-unused-vars
  1:16696  warning  's' is defined but never used                                                    no-unused-vars
  1:17381  warning  't' is defined but never used                                                    no-unused-vars
  1:18063  warning  Do not access Object.prototype method 'hasOwnProperty' from target object        no-prototype-builtins
  1:19235  warning  'e' is defined but never used                                                    no-unused-vars
  1:19237  warning  't' is defined but never used                                                    no-unused-vars
  1:19265  warning  'e' is defined but never used                                                    no-unused-vars
  1:19267  warning  't' is defined but never used                                                    no-unused-vars
  1:20908  warning  't' is defined but never used                                                    no-unused-vars
  1:23004  warning  't' is defined but never used                                                    no-unused-vars
  1:25631  warning  'r' is assigned a value but never used                                           no-unused-vars
  1:26314  warning  'e' is defined but never used                                                    no-unused-vars
  1:27992  warning  'n' is defined but never used                                                    no-unused-vars
  1:30184  warning  'u' is assigned a value but never used                                           no-unused-vars
  1:30196  warning  'a' is assigned a value but never used                                           no-unused-vars
  1:32565  warning  'e' is assigned a value but never used                                           no-unused-vars
  1:35086  warning  'de' is defined but never used                                                   no-unused-vars
  1:35549  warning  'ye' is defined but never used                                                   no-unused-vars
  1:35600  warning  'be' is defined but never used                                                   no-unused-vars
  1:36615  warning  'n' is assigned a value but never used                                           no-unused-vars
  1:39691  warning  'b' is assigned a value but never used                                           no-unused-vars
  1:39719  warning  'w' is assigned a value but never used                                           no-unused-vars
  1:39867  warning  'T' is assigned a value but never used                                           no-unused-vars
  1:40324  warning  Setter cannot return a value                                                     no-setter-return
  1:40764  warning  Setter cannot return a value                                                     no-setter-return
  1:40924  warning  'n' is assigned a value but never used                                           no-unused-vars
  1:41164  warning  Setter cannot return a value                                                     no-setter-return
  1:45567  warning  'n' is defined but never used                                                    no-unused-vars
  1:63007  warning  'n' is defined but never used                                                    no-unused-vars
  1:65136  warning  Unexpected constant condition                                                    no-constant-condition
  1:66361  warning  'i' is defined but never used                                                    no-unused-vars
  1:67396  warning  Expected a conditional expression and instead saw an assignment                  no-cond-assign
  1:77935  warning  Do not access Object.prototype method 'hasOwnProperty' from target object        no-prototype-builtins
  1:77957  warning  Do not access Object.prototype method 'hasOwnProperty' from target object        no-prototype-builtins
  7:1877   warning  Unnecessary escape character: \/                                                 no-useless-escape
  7:3105   warning  't' is defined but never used                                                    no-unused-vars
  7:10477  warning  Empty block statement                                                            no-empty
  7:14583  warning  'i' is defined but never used                                                    no-unused-vars
  7:20039  warning  'e' is defined but never used                                                    no-unused-vars

✖ 72 problems (0 errors, 72 warnings)

